<?xml version="1.0" encoding="UTF-8"?>
<testsuite xmlns:xsi="http://www.w3.org/2001/XMLSchema-instance" xsi:noNamespaceSchemaLocation="https://maven.apache.org/surefire/maven-surefire-plugin/xsd/surefire-test-report-3.0.xsd" version="3.0" name="com.example.ParametrizedTest" time="0.281" tests="7" errors="0" skipped="0" failures="0">
  <properties>
[...]
</properties>
  <testcase name="testGetKittensWithParameters(int)[1]" classname="com.example.ParametrizedTest" time="0.097"/>
  <testcase name="testGetKittensWithParameters(int)[2]" classname="com.example.ParametrizedTest" time="0.001"/>
  <testcase name="testGetKittensWithParameters(int)[3]" classname="com.example.ParametrizedTest" time="0"/>
  <testcase name="testGetKittensWithParameters(int)[4]" classname="com.example.ParametrizedTest" time="0.002"/>
  <testcase name="testGetKittensWithParameters(int)[5]" classname="com.example.ParametrizedTest" time="0.001"/>
  <testcase name="testDoesHaveManeWithValidSex(String, boolean)[1]" classname="com.example.ParametrizedTest" time="0.003"/>
  <testcase name="testDoesHaveManeWithValidSex(String, boolean)[2]" classname="com.example.ParametrizedTest" time="0.001"/>
</testsuite>